<?xml version="1.0" encoding="UTF-8"?>
<!-- Generated by org.testng.reporters.JUnitReportReporter -->
<testsuite hostname="DESKTOP-DPQ69RH" failures="0" tests="1" name="com.amazon.automation.AmazonSearchTest" time="6.466" errors="0" timestamp="2025-06-29T21:00:20 ICT" skipped="0">
  <testcase classname="com.amazon.automation.AmazonSearchTest" name="testAmazonSearch" time="6.466"/>
</testsuite> <!-- com.amazon.automation.AmazonSearchTest -->
