<?xml version="1.0" encoding="UTF-8"?>
<!-- Generated by org.testng.reporters.JUnitReportReporter -->
<testsuite hostname="DESKTOP-DPQ69RH" failures="0" tests="1" name="com.amazon.automation.tests.AmazonLoginTest" time="11.831" errors="0" timestamp="2025-06-29T21:00:20 ICT" skipped="0">
  <testcase classname="com.amazon.automation.tests.AmazonLoginTest" name="testLogin" time="11.831"/>
</testsuite> <!-- com.amazon.automation.tests.AmazonLoginTest -->
